#
# A fatal error has been detected by the Java Runtime Environment:
#
#  SIGSEGV (0xb) at pc=0x0000000106d56914, pid=49579, tid=16643
#
# JRE version: Java(TM) SE Runtime Environment (8.0_60-b27) (build 1.8.0_60-b27)
# Java VM: Java HotSpot(TM) 64-Bit Server VM (25.60-b23 mixed mode bsd-amd64 compressed oops)
# Problematic frame:
# V  [libjvm.dylib+0x446914]
#
# Failed to write core dump. Core dumps have been disabled. To enable core dumping, try "ulimit -c unlimited" before starting Java again
#
# If you would like to submit a bug report, please visit:
#   http://bugreport.java.com/bugreport/crash.jsp
#

---------------  T H R E A D  ---------------

Current thread (0x00007fc374006000):  JavaThread "JDWP Transport Listener: dt_socket" daemon [_thread_in_vm, id=16643, stack(0x000000011fcf9000,0x000000011fdf9000)]

siginfo: si_signo: 11 (SIGSEGV), si_code: 0 (unknown), si_addr: 0x0000000000000000

Registers:
RAX=0x0000000000000001, RBX=0x000000011fdf8a8b, RCX=0x0000000107125310, RDX=0x000000011fdf8a8b
RSP=0x000000011fdf89d0, RBP=0x000000011fdf89e0, RSI=0x00007fc374006000, RDI=0x5465636976726553
R8 =0x0000000000000001, R9 =0x00007fc373c00000, R10=0x0000000000000020, R11=0x00007fc373c00000
R12=0x00007fc374006000, R13=0x5465636976726553, R14=0x5465636976726553, R15=0x00007fc373d14bc0
RIP=0x0000000106d56914, EFLAGS=0x0000000000010206, ERR=0x0000000000000000
  TRAPNO=0x000000000000000d

Top of Stack: (sp=0x000000011fdf89d0)
0x000000011fdf89d0:   000000011fdf8a8b 000000011fdf8a8b
0x000000011fdf89e0:   000000011fdf8a40 0000000106c65a0e
0x000000011fdf89f0:   00007fc374006000 0000000000000000
0x000000011fdf8a00:   0000000000000000 0000000000000000
0x000000011fdf8a10:   00007fc374006000 00007fc374006000
0x000000011fdf8a20:   000000011fdf8a8b 000000011fdf8a90
0x000000011fdf8a30:   5465636976726553 0000000000000005
0x000000011fdf8a40:   000000011fdf8a60 0000000108220780
0x000000011fdf8a50:   0000000000000001 000000011fdf8b08
0x000000011fdf8a60:   000000011fdf8ad0 00000001082051f3
0x000000011fdf8a70:   000000011fdf8aa0 00007fc373c8f790
0x000000011fdf8a80:   0000000600000032 0000000100df8b08
0x000000011fdf8a90:   0000000000000000 0000000000000000
0x000000011fdf8aa0:   0000000000000000 000000011fdf8c90
0x000000011fdf8ab0:   0000000108227e7a 00007fc373c8f6e0
0x000000011fdf8ac0:   000000011fdf8b08 0000000108233598
0x000000011fdf8ad0:   000000011fdf8ae0 00000001082052ec
0x000000011fdf8ae0:   000000011fdf8d00 000000010820e898
0x000000011fdf8af0:   00002f1100000013 00000000000f0200
0x000000011fdf8b00:   00007fc373c8f650 000000011fdf8c60
0x000000011fdf8b10:   00007fc300000024 000000011fdf8b20
0x000000011fdf8b20:   00007fc300000108 000000011fdf8b58
0x000000011fdf8b30:   0000000000000000 0000000000000000
0x000000011fdf8b40:   00002f110000000f 0000000000000080
0x000000011fdf8b50:   000000011fdf8b58 c37f000006000000
0x000000011fdf8b60:   0600000078cec173 00003e74696e693c
0x000000011fdf8b70:   0000005629280300 7f00000100000000
0x000000011fdf8b80:   00000080cec173c3 0000707574657305
0x000000011fdf8b90:   0000005629280300 7f00000100000000
0x000000011fdf8ba0:   000000e011c173c3 246164626d616c1c
0x000000011fdf8bb0:   496b726f57746567 61745379426d6574
0x000000011fdf8bc0:   0000003024737574 68742f65734c282a 

Instructions: (pc=0x0000000106d56914)
0x0000000106d568f4:   40 48 48 85 c0 75 e0 30 c0 0f b6 c0 5d c3 31 c0
0x0000000106d56904:   5d c3 55 48 89 e5 53 48 83 ec 08 48 85 ff 74 24
0x0000000106d56914:   48 8b 1f 48 85 db 74 1c 48 83 fb 37 74 16 48 8b
0x0000000106d56924:   03 48 89 df ff 50 10 84 c0 b8 00 00 00 00 48 0f 

Register to memory mapping:

RAX=0x0000000000000001 is an unknown value
RBX=0x000000011fdf8a8b is pointing into the stack for thread: 0x00007fc374006000
RCX=0x0000000107125310: UseMembar+0 in /Library/Java/JavaVirtualMachines/jdk1.8.0_60.jdk/Contents/Home/jre/lib/server/libjvm.dylib at 0x0000000106910000
RDX=0x000000011fdf8a8b is pointing into the stack for thread: 0x00007fc374006000
RSP=0x000000011fdf89d0 is pointing into the stack for thread: 0x00007fc374006000
RBP=0x000000011fdf89e0 is pointing into the stack for thread: 0x00007fc374006000
RSI=0x00007fc374006000 is a thread
RDI=0x5465636976726553 is an unknown value
R8 =0x0000000000000001 is an unknown value
R9 =0x00007fc373c00000 is an unknown value
R10=0x0000000000000020 is an unknown value
R11=0x00007fc373c00000 is an unknown value
R12=0x00007fc374006000 is a thread
R13=0x5465636976726553 is an unknown value
R14=0x5465636976726553 is an unknown value
R15=0x00007fc373d14bc0 is an unknown value


Stack: [0x000000011fcf9000,0x000000011fdf9000],  sp=0x000000011fdf89d0,  free space=1022k
Native frames: (J=compiled Java code, j=interpreted, Vv=VM code, C=native code)
V  [libjvm.dylib+0x446914]
V  [libjvm.dylib+0x355a0e]
C  [libjdwp.dylib+0x20780]  isMethodSynthetic+0x63
C  [libjdwp.dylib+0x51f3]  methods1+0x10b
C  [libjdwp.dylib+0x52ec]  methodsWithGeneric+0xe
C  [libjdwp.dylib+0xe898]  debugLoop_run+0x1ce
C  [libjdwp.dylib+0x1f6ba]  attachThread+0x4d
V  [libjvm.dylib+0x396d6c]
V  [libjvm.dylib+0x5612d3]
V  [libjvm.dylib+0x5629ce]
V  [libjvm.dylib+0x48343a]
C  [libsystem_pthread.dylib+0x405a]  _pthread_body+0x83
C  [libsystem_pthread.dylib+0x3fd7]  _pthread_body+0x0
C  [libsystem_pthread.dylib+0x13ed]  thread_start+0xd
C  0x0000000000000000


---------------  P R O C E S S  ---------------

Java Threads: ( => current thread )
  0x00007fc374880800 JavaThread "Service Thread" daemon [_thread_blocked, id=19715, stack(0x000000012030b000,0x000000012040b000)]
  0x00007fc375858000 JavaThread "C1 CompilerThread2" daemon [_thread_blocked, id=19203, stack(0x0000000120208000,0x0000000120308000)]
  0x00007fc375857000 JavaThread "C2 CompilerThread1" daemon [_thread_blocked, id=18691, stack(0x0000000120105000,0x0000000120205000)]
  0x00007fc375808000 JavaThread "C2 CompilerThread0" daemon [_thread_blocked, id=18179, stack(0x0000000120002000,0x0000000120102000)]
  0x00007fc375807000 JavaThread "JDWP Command Reader" daemon [_thread_in_native, id=17667, stack(0x000000011feff000,0x000000011ffff000)]
  0x00007fc37400a000 JavaThread "JDWP Event Helper Thread" daemon [_thread_blocked, id=17155, stack(0x000000011fdfc000,0x000000011fefc000)]
=>0x00007fc374006000 JavaThread "JDWP Transport Listener: dt_socket" daemon [_thread_in_vm, id=16643, stack(0x000000011fcf9000,0x000000011fdf9000)]
  0x00007fc37487f800 JavaThread "Signal Dispatcher" daemon [_thread_blocked, id=13327, stack(0x000000011fbef000,0x000000011fcef000)]
  0x00007fc375800000 JavaThread "Finalizer" daemon [_thread_blocked, id=11523, stack(0x000000011e1d1000,0x000000011e2d1000)]
  0x00007fc37486e000 JavaThread "Reference Handler" daemon [_thread_blocked, id=11011, stack(0x000000011e0ce000,0x000000011e1ce000)]
  0x00007fc374812000 JavaThread "main" [_thread_blocked, id=3331, stack(0x000000010789a000,0x000000010799a000)]

Other Threads:
  0x00007fc37486b800 VMThread [stack: 0x000000011dfcb000,0x000000011e0cb000] [id=10499]
  0x00007fc374040000 WatcherThread [stack: 0x000000012040e000,0x000000012050e000] [id=20227]

VM state:not at safepoint (normal execution)

VM Mutex/Monitor currently owned by a thread: None

Heap:
 PSYoungGen      total 38400K, used 27272K [0x0000000795580000, 0x0000000798000000, 0x00000007c0000000)
  eden space 33280K, 68% used [0x0000000795580000,0x0000000796bd13a8,0x0000000797600000)
  from space 5120K, 86% used [0x0000000797600000,0x0000000797a50f58,0x0000000797b00000)
  to   space 5120K, 0% used [0x0000000797b00000,0x0000000797b00000,0x0000000798000000)
 ParOldGen       total 87552K, used 8K [0x0000000740000000, 0x0000000745580000, 0x0000000795580000)
  object space 87552K, 0% used [0x0000000740000000,0x0000000740002000,0x0000000745580000)
 Metaspace       used 10822K, capacity 10938K, committed 11136K, reserved 1058816K
  class space    used 1324K, capacity 1335K, committed 1408K, reserved 1048576K

Card table byte_map: [0x000000011761c000,0x0000000117a1d000] byte_map_base: 0x0000000113c1c000

Marking Bits: (ParMarkBitMap*) 0x00000001071eee20
 Begin Bits: [0x00000001180d4000, 0x000000011a0d4000)
 End Bits:   [0x000000011a0d4000, 0x000000011c0d4000)

Polling page: 0x00000001079df000

CodeCache: size=245760Kb used=3443Kb max_used=3443Kb free=242316Kb
 bounds [0x000000010825c000, 0x00000001085cc000, 0x000000011725c000]
 total_blobs=1199 nmethods=902 adapters=218
 compilation: enabled

Compilation events (10 events):
Event: 2.596 Thread 0x00007fc375858000  898       3       sun.misc.JarIndex::get (49 bytes)
Event: 2.596 Thread 0x00007fc375858000 nmethod 898 0x00000001085b11d0 code [0x00000001085b13a0, 0x00000001085b1c18]
Event: 2.601 Thread 0x00007fc375858000  899       3       sun.misc.FDBigInteger::mult (64 bytes)
Event: 2.602 Thread 0x00007fc375858000 nmethod 899 0x00000001085b02d0 code [0x00000001085b0440, 0x00000001085b06f0]
Event: 2.602 Thread 0x00007fc375858000  900       3       sun.misc.FDBigInteger::<init> (30 bytes)
Event: 2.602 Thread 0x00007fc375858000 nmethod 900 0x00000001085afe50 code [0x00000001085affc0, 0x00000001085b01e8]
Event: 2.602 Thread 0x00007fc375858000  901       3       sun.misc.FDBigInteger::mult (44 bytes)
Event: 2.602 Thread 0x00007fc375858000 nmethod 901 0x00000001085af750 code [0x00000001085af8e0, 0x00000001085afcd8]
Event: 2.602 Thread 0x00007fc375858000  902       3       java.lang.String::toString (2 bytes)
Event: 2.603 Thread 0x00007fc375858000 nmethod 902 0x00000001085af450 code [0x00000001085af5a0, 0x00000001085af6f0]

GC Heap History (2 events):
Event: 1.750 GC heap before
{Heap before GC invocations=1 (full 0):
 PSYoungGen      total 38400K, used 33280K [0x0000000795580000, 0x0000000798000000, 0x00000007c0000000)
  eden space 33280K, 100% used [0x0000000795580000,0x0000000797600000,0x0000000797600000)
  from space 5120K, 0% used [0x0000000797b00000,0x0000000797b00000,0x0000000798000000)
  to   space 5120K, 0% used [0x0000000797600000,0x0000000797600000,0x0000000797b00000)
 ParOldGen       total 87552K, used 0K [0x0000000740000000, 0x0000000745580000, 0x0000000795580000)
  object space 87552K, 0% used [0x0000000740000000,0x0000000740000000,0x0000000745580000)
 Metaspace       used 7859K, capacity 7964K, committed 8192K, reserved 1056768K
  class space    used 935K, capacity 946K, committed 1024K, reserved 1048576K
Event: 1.755 GC heap after
Heap after GC invocations=1 (full 0):
 PSYoungGen      total 38400K, used 4419K [0x0000000795580000, 0x0000000798000000, 0x00000007c0000000)
  eden space 33280K, 0% used [0x0000000795580000,0x0000000795580000,0x0000000797600000)
  from space 5120K, 86% used [0x0000000797600000,0x0000000797a50f58,0x0000000797b00000)
  to   space 5120K, 0% used [0x0000000797b00000,0x0000000797b00000,0x0000000798000000)
 ParOldGen       total 87552K, used 8K [0x0000000740000000, 0x0000000745580000, 0x0000000795580000)
  object space 87552K, 0% used [0x0000000740000000,0x0000000740002000,0x0000000745580000)
 Metaspace       used 7859K, capacity 7964K, committed 8192K, reserved 1056768K
  class space    used 935K, capacity 946K, committed 1024K, reserved 1048576K
}

Deoptimization events (9 events):
Event: 0.846 Thread 0x00007fc374812000 Uncommon trap: reason=unstable_if action=reinterpret pc=0x00000001083da150 method=java.lang.String.indexOf([CII[CIII)I @ 3
Event: 1.598 Thread 0x00007fc374812000 Uncommon trap: reason=range_check action=make_not_entrant pc=0x00000001084b5074 method=sun.reflect.generics.parser.SignatureParser.current()C @ 34
Event: 2.377 Thread 0x00007fc374812000 Uncommon trap: reason=unstable_if action=reinterpret pc=0x000000010840b394 method=sun.misc.MetaIndex.mayContain(Ljava/lang/String;)Z @ 38
Event: 2.480 Thread 0x00007fc374812000 Uncommon trap: reason=unstable_if action=reinterpret pc=0x000000010859f6c4 method=java.lang.String.regionMatches(ZILjava/lang/String;II)Z @ 123
Event: 2.528 Thread 0x00007fc374812000 Uncommon trap: reason=unstable_if action=reinterpret pc=0x0000000108478a84 method=java.util.HashMap.hash(Ljava/lang/Object;)I @ 1
Event: 2.530 Thread 0x00007fc374812000 Uncommon trap: reason=unstable_if action=reinterpret pc=0x00000001084fcd30 method=java.util.HashMap.hash(Ljava/lang/Object;)I @ 1
Event: 2.546 Thread 0x00007fc374812000 Uncommon trap: reason=bimorphic action=maybe_recompile pc=0x000000010859c0b0 method=java.net.URL.<init>(Ljava/net/URL;Ljava/lang/String;Ljava/net/URLStreamHandler;)V @ 504
Event: 2.583 Thread 0x00007fc374812000 Uncommon trap: reason=bimorphic action=maybe_recompile pc=0x000000010859c0b0 method=java.net.URL.<init>(Ljava/net/URL;Ljava/lang/String;Ljava/net/URLStreamHandler;)V @ 504
Event: 2.583 Thread 0x00007fc374812000 Uncommon trap: reason=unstable_if action=reinterpret pc=0x0000000108596a68 method=java.net.URL.set(Ljava/lang/String;Ljava/lang/String;ILjava/lang/String;Ljava/lang/String;Ljava/lang/String;Ljava/lang/String;Ljava/lang/String;)V @ 23

Internal exceptions (10 events):
Event: 0.509 Thread 0x00007fc374812000 Exception <a 'java/security/PrivilegedActionException'> (0x0000000795a33108) thrown at [/Users/java_re/workspace/8-2-build-macosx-x86_64/jdk8u60/4407/hotspot/src/share/vm/prims/jvm.cpp, line 1386]
Event: 0.509 Thread 0x00007fc374812000 Exception <a 'java/security/PrivilegedActionException'> (0x0000000795a33318) thrown at [/Users/java_re/workspace/8-2-build-macosx-x86_64/jdk8u60/4407/hotspot/src/share/vm/prims/jvm.cpp, line 1386]
Event: 1.532 Thread 0x00007fc374812000 Exception <a 'java/lang/ArrayIndexOutOfBoundsException'> (0x0000000796d0cfc0) thrown at [/Users/java_re/workspace/8-2-build-macosx-x86_64/jdk8u60/4407/hotspot/src/share/vm/runtime/sharedRuntime.cpp, line 605]
Event: 1.532 Thread 0x00007fc374812000 Exception <a 'java/lang/ArrayIndexOutOfBoundsException'> (0x0000000796d0e468) thrown at [/Users/java_re/workspace/8-2-build-macosx-x86_64/jdk8u60/4407/hotspot/src/share/vm/runtime/sharedRuntime.cpp, line 605]
Event: 1.532 Thread 0x00007fc374812000 Exception <a 'java/lang/ArrayIndexOutOfBoundsException'> (0x0000000796d10458) thrown at [/Users/java_re/workspace/8-2-build-macosx-x86_64/jdk8u60/4407/hotspot/src/share/vm/runtime/sharedRuntime.cpp, line 605]
Event: 1.599 Thread 0x00007fc374812000 Exception <a 'java/lang/ArrayIndexOutOfBoundsException': 103> (0x0000000796f32510) thrown at [/Users/java_re/workspace/8-2-build-macosx-x86_64/jdk8u60/4407/hotspot/src/share/vm/interpreter/interpreterRuntime.cpp, line 366]
Event: 1.600 Thread 0x00007fc374812000 Exception <a 'java/lang/ArrayIndexOutOfBoundsException': 40> (0x0000000796f334a8) thrown at [/Users/java_re/workspace/8-2-build-macosx-x86_64/jdk8u60/4407/hotspot/src/share/vm/interpreter/interpreterRuntime.cpp, line 366]
Event: 1.600 Thread 0x00007fc374812000 Exception <a 'java/lang/ArrayIndexOutOfBoundsException': 40> (0x0000000796f34308) thrown at [/Users/java_re/workspace/8-2-build-macosx-x86_64/jdk8u60/4407/hotspot/src/share/vm/interpreter/interpreterRuntime.cpp, line 366]
Event: 2.528 Thread 0x00007fc374812000 Implicit null exception at 0x00000001084787b4 to 0x0000000108478a6d
Event: 2.530 Thread 0x00007fc374812000 Implicit null exception at 0x00000001084fcc98 to 0x00000001084fcd26

Events (10 events):
Event: 406.481 Executing VM operation: ForceSafepoint
Event: 406.481 Executing VM operation: ForceSafepoint done
Event: 406.487 Executing VM operation: GetOrSetLocal
Event: 406.487 Executing VM operation: GetOrSetLocal done
Event: 406.492 Executing VM operation: GetOrSetLocal
Event: 406.493 Executing VM operation: GetOrSetLocal done
Event: 406.496 Executing VM operation: GetOrSetLocal
Event: 406.496 Executing VM operation: GetOrSetLocal done
Event: 406.497 Executing VM operation: GetOrSetLocal
Event: 406.497 Executing VM operation: GetOrSetLocal done


Dynamic libraries:
0x0000000008ef0000 	/System/Library/Frameworks/Cocoa.framework/Versions/A/Cocoa
0x0000000008ef0000 	/System/Library/Frameworks/Security.framework/Versions/A/Security
0x0000000008ef0000 	/System/Library/Frameworks/ApplicationServices.framework/Versions/A/ApplicationServices
0x0000000008ef0000 	/usr/lib/libz.1.dylib
0x0000000008ef0000 	/usr/lib/libSystem.B.dylib
0x0000000008ef0000 	/usr/lib/libobjc.A.dylib
0x0000000008ef0000 	/System/Library/Frameworks/CoreFoundation.framework/Versions/A/CoreFoundation
0x0000000008ef0000 	/System/Library/Frameworks/Foundation.framework/Versions/C/Foundation
0x0000000008ef0000 	/System/Library/Frameworks/AppKit.framework/Versions/C/AppKit
0x0000000008ef0000 	/System/Library/Frameworks/CoreData.framework/Versions/A/CoreData
0x0000000008ef0000 	/System/Library/PrivateFrameworks/RemoteViewServices.framework/Versions/A/RemoteViewServices
0x0000000008ef0000 	/System/Library/PrivateFrameworks/UIFoundation.framework/Versions/A/UIFoundation
0x0000000008ef0000 	/System/Library/Frameworks/IOSurface.framework/Versions/A/IOSurface
0x0000000008ef0000 	/System/Library/Frameworks/AudioToolbox.framework/Versions/A/AudioToolbox
0x0000000008ef0000 	/System/Library/Frameworks/AudioUnit.framework/Versions/A/AudioUnit
0x0000000008ef0000 	/System/Library/PrivateFrameworks/DataDetectorsCore.framework/Versions/A/DataDetectorsCore
0x0000000008ef0000 	/System/Library/PrivateFrameworks/DesktopServicesPriv.framework/Versions/A/DesktopServicesPriv
0x0000000008ef0000 	/System/Library/Frameworks/Carbon.framework/Versions/A/Frameworks/HIToolbox.framework/Versions/A/HIToolbox
0x0000000008ef0000 	/System/Library/Frameworks/QuartzCore.framework/Versions/A/QuartzCore
0x0000000008ef0000 	/System/Library/Frameworks/Carbon.framework/Versions/A/Frameworks/SpeechRecognition.framework/Versions/A/SpeechRecognition
0x0000000008ef0000 	/usr/lib/libauto.dylib
0x0000000008ef0000 	/usr/lib/libicucore.A.dylib
0x0000000008ef0000 	/usr/lib/libxml2.2.dylib
0x0000000008ef0000 	/System/Library/PrivateFrameworks/CoreUI.framework/Versions/A/CoreUI
0x0000000008ef0000 	/System/Library/Frameworks/CoreAudio.framework/Versions/A/CoreAudio
0x0000000008ef0000 	/System/Library/Frameworks/DiskArbitration.framework/Versions/A/DiskArbitration
0x0000000008ef0000 	/usr/lib/liblangid.dylib
0x0000000008ef0000 	/System/Library/PrivateFrameworks/MultitouchSupport.framework/Versions/A/MultitouchSupport
0x0000000008ef0000 	/System/Library/Frameworks/IOKit.framework/Versions/A/IOKit
0x0000000008ef0000 	/usr/lib/libDiagnosticMessagesClient.dylib
0x0000000008ef0000 	/System/Library/Frameworks/CoreServices.framework/Versions/A/CoreServices
0x0000000008ef0000 	/System/Library/PrivateFrameworks/PerformanceAnalysis.framework/Versions/A/PerformanceAnalysis
0x0000000008ef0000 	/System/Library/PrivateFrameworks/GenerationalStorage.framework/Versions/A/GenerationalStorage
0x0000000008ef0000 	/System/Library/Frameworks/OpenGL.framework/Versions/A/OpenGL
0x0000000008ef0000 	/System/Library/PrivateFrameworks/Sharing.framework/Versions/A/Sharing
0x0000000008ef0000 	/System/Library/Frameworks/CoreGraphics.framework/Versions/A/CoreGraphics
0x0000000008ef0000 	/System/Library/Frameworks/CoreText.framework/Versions/A/CoreText
0x0000000008ef0000 	/System/Library/Frameworks/ImageIO.framework/Versions/A/ImageIO
0x0000000008ef0000 	/usr/lib/libextension.dylib
0x0000000008ef0000 	/System/Library/PrivateFrameworks/Backup.framework/Versions/A/Backup
0x0000000008ef0000 	/usr/lib/libarchive.2.dylib
0x0000000008ef0000 	/System/Library/Frameworks/CFNetwork.framework/Versions/A/CFNetwork
0x0000000008ef0000 	/System/Library/Frameworks/SystemConfiguration.framework/Versions/A/SystemConfiguration
0x0000000008ef0000 	/usr/lib/libCRFSuite.dylib
0x0000000008ef0000 	/usr/lib/libc++.1.dylib
0x0000000008ef0000 	/usr/lib/libc++abi.dylib
0x0000000008ef0000 	/usr/lib/system/libcache.dylib
0x0000000008ef0000 	/usr/lib/system/libcommonCrypto.dylib
0x0000000008ef0000 	/usr/lib/system/libcompiler_rt.dylib
0x0000000008ef0000 	/usr/lib/system/libcopyfile.dylib
0x0000000008ef0000 	/usr/lib/system/libcorecrypto.dylib
0x0000000008ef0000 	/usr/lib/system/libdispatch.dylib
0x0000000008ef0000 	/usr/lib/system/libdyld.dylib
0x0000000008ef0000 	/usr/lib/system/libkeymgr.dylib
0x0000000008ef0000 	/usr/lib/system/liblaunch.dylib
0x0000000008ef0000 	/usr/lib/system/libmacho.dylib
0x0000000008ef0000 	/usr/lib/system/libquarantine.dylib
0x0000000008ef0000 	/usr/lib/system/libremovefile.dylib
0x0000000008ef0000 	/usr/lib/system/libsystem_asl.dylib
0x0000000008ef0000 	/usr/lib/system/libsystem_blocks.dylib
0x0000000008ef0000 	/usr/lib/system/libsystem_c.dylib
0x0000000008ef0000 	/usr/lib/system/libsystem_configuration.dylib
0x0000000008ef0000 	/usr/lib/system/libsystem_coreservices.dylib
0x0000000008ef0000 	/usr/lib/system/libsystem_coretls.dylib
0x0000000008ef0000 	/usr/lib/system/libsystem_dnssd.dylib
0x0000000008ef0000 	/usr/lib/system/libsystem_info.dylib
0x0000000008ef0000 	/usr/lib/system/libsystem_kernel.dylib
0x0000000008ef0000 	/usr/lib/system/libsystem_m.dylib
0x0000000008ef0000 	/usr/lib/system/libsystem_malloc.dylib
0x0000000008ef0000 	/usr/lib/system/libsystem_network.dylib
0x0000000008ef0000 	/usr/lib/system/libsystem_networkextension.dylib
0x0000000008ef0000 	/usr/lib/system/libsystem_notify.dylib
0x0000000008ef0000 	/usr/lib/system/libsystem_platform.dylib
0x0000000008ef0000 	/usr/lib/system/libsystem_pthread.dylib
0x0000000008ef0000 	/usr/lib/system/libsystem_sandbox.dylib
0x0000000008ef0000 	/usr/lib/system/libsystem_secinit.dylib
0x0000000008ef0000 	/usr/lib/system/libsystem_stats.dylib
0x0000000008ef0000 	/usr/lib/system/libsystem_trace.dylib
0x0000000008ef0000 	/usr/lib/system/libunc.dylib
0x0000000008ef0000 	/usr/lib/system/libunwind.dylib
0x0000000008ef0000 	/usr/lib/system/libxpc.dylib
0x0000000008ef0000 	/usr/lib/libbz2.1.0.dylib
0x0000000008ef0000 	/usr/lib/liblzma.5.dylib
0x0000000008ef0000 	/usr/lib/libbsm.0.dylib
0x0000000008ef0000 	/usr/lib/libsqlite3.dylib
0x0000000008ef0000 	/usr/lib/system/libkxld.dylib
0x0000000008ef0000 	/usr/lib/libxar.1.dylib
0x0000000008ef0000 	/usr/lib/libpam.2.dylib
0x0000000008ef0000 	/usr/lib/libOpenScriptingUtil.dylib
0x0000000008ef0000 	/System/Library/Frameworks/CoreServices.framework/Versions/A/Frameworks/FSEvents.framework/Versions/A/FSEvents
0x0000000008ef0000 	/System/Library/Frameworks/CoreServices.framework/Versions/A/Frameworks/CarbonCore.framework/Versions/A/CarbonCore
0x0000000008ef0000 	/System/Library/Frameworks/CoreServices.framework/Versions/A/Frameworks/Metadata.framework/Versions/A/Metadata
0x0000000008ef0000 	/System/Library/Frameworks/CoreServices.framework/Versions/A/Frameworks/OSServices.framework/Versions/A/OSServices
0x0000000008ef0000 	/System/Library/Frameworks/CoreServices.framework/Versions/A/Frameworks/SearchKit.framework/Versions/A/SearchKit
0x0000000008ef0000 	/System/Library/Frameworks/CoreServices.framework/Versions/A/Frameworks/AE.framework/Versions/A/AE
0x0000000008ef0000 	/System/Library/Frameworks/CoreServices.framework/Versions/A/Frameworks/LaunchServices.framework/Versions/A/LaunchServices
0x0000000008ef0000 	/System/Library/Frameworks/CoreServices.framework/Versions/A/Frameworks/DictionaryServices.framework/Versions/A/DictionaryServices
0x0000000008ef0000 	/System/Library/Frameworks/NetFS.framework/Versions/A/NetFS
0x0000000008ef0000 	/System/Library/PrivateFrameworks/NetAuth.framework/Versions/A/NetAuth
0x0000000008ef0000 	/System/Library/PrivateFrameworks/login.framework/Versions/A/Frameworks/loginsupport.framework/Versions/A/loginsupport
0x0000000008ef0000 	/System/Library/PrivateFrameworks/TCC.framework/Versions/A/TCC
0x0000000008ef0000 	/usr/lib/libmecabra.dylib
0x0000000008ef0000 	/System/Library/Frameworks/ApplicationServices.framework/Versions/A/Frameworks/ATS.framework/Versions/A/ATS
0x0000000008ef0000 	/System/Library/Frameworks/ApplicationServices.framework/Versions/A/Frameworks/ColorSync.framework/Versions/A/ColorSync
0x0000000008ef0000 	/System/Library/Frameworks/ApplicationServices.framework/Versions/A/Frameworks/HIServices.framework/Versions/A/HIServices
0x0000000008ef0000 	/System/Library/Frameworks/ApplicationServices.framework/Versions/A/Frameworks/LangAnalysis.framework/Versions/A/LangAnalysis
0x0000000008ef0000 	/System/Library/Frameworks/ApplicationServices.framework/Versions/A/Frameworks/PrintCore.framework/Versions/A/PrintCore
0x0000000008ef0000 	/System/Library/Frameworks/ApplicationServices.framework/Versions/A/Frameworks/QD.framework/Versions/A/QD
0x0000000008ef0000 	/System/Library/Frameworks/ApplicationServices.framework/Versions/A/Frameworks/SpeechSynthesis.framework/Versions/A/SpeechSynthesis
0x0000000008ef0000 	/System/Library/Frameworks/Accelerate.framework/Versions/A/Accelerate
0x0000000008ef0000 	/System/Library/Frameworks/Accelerate.framework/Versions/A/Frameworks/vImage.framework/Versions/A/vImage
0x0000000008ef0000 	/System/Library/Frameworks/Accelerate.framework/Versions/A/Frameworks/vecLib.framework/Versions/A/vecLib
0x0000000008ef0000 	/System/Library/Frameworks/Accelerate.framework/Versions/A/Frameworks/vecLib.framework/Versions/A/libvDSP.dylib
0x0000000008ef0000 	/System/Library/Frameworks/Accelerate.framework/Versions/A/Frameworks/vecLib.framework/Versions/A/libvMisc.dylib
0x0000000008ef0000 	/System/Library/Frameworks/Accelerate.framework/Versions/A/Frameworks/vecLib.framework/Versions/A/libLAPACK.dylib
0x0000000008ef0000 	/System/Library/Frameworks/Accelerate.framework/Versions/A/Frameworks/vecLib.framework/Versions/A/libBLAS.dylib
0x0000000008ef0000 	/System/Library/Frameworks/Accelerate.framework/Versions/A/Frameworks/vecLib.framework/Versions/A/libLinearAlgebra.dylib
0x0000000008ef0000 	/System/Library/Frameworks/ApplicationServices.framework/Versions/A/Frameworks/ATS.framework/Versions/A/Resources/libFontParser.dylib
0x0000000008ef0000 	/System/Library/Frameworks/ApplicationServices.framework/Versions/A/Frameworks/ATS.framework/Versions/A/Resources/libFontRegistry.dylib
0x0000000008ef0000 	/System/Library/PrivateFrameworks/AppleVPA.framework/Versions/A/AppleVPA
0x0000000008ef0000 	/System/Library/PrivateFrameworks/AppleJPEG.framework/Versions/A/AppleJPEG
0x0000000008ef0000 	/System/Library/Frameworks/ImageIO.framework/Versions/A/Resources/libJPEG.dylib
0x0000000008ef0000 	/System/Library/Frameworks/ImageIO.framework/Versions/A/Resources/libTIFF.dylib
0x0000000008ef0000 	/System/Library/Frameworks/ImageIO.framework/Versions/A/Resources/libPng.dylib
0x0000000008ef0000 	/System/Library/Frameworks/ImageIO.framework/Versions/A/Resources/libGIF.dylib
0x0000000008ef0000 	/System/Library/Frameworks/ImageIO.framework/Versions/A/Resources/libJP2.dylib
0x0000000008ef0000 	/System/Library/Frameworks/ImageIO.framework/Versions/A/Resources/libRadiance.dylib
0x0000000008ef0000 	/System/Library/Frameworks/CoreVideo.framework/Versions/A/CoreVideo
0x0000000008ef0000 	/System/Library/Frameworks/OpenGL.framework/Versions/A/Libraries/libGLU.dylib
0x0000000008ef0000 	/System/Library/Frameworks/OpenGL.framework/Versions/A/Libraries/libGFXShared.dylib
0x0000000008ef0000 	/System/Library/Frameworks/OpenGL.framework/Versions/A/Libraries/libGL.dylib
0x0000000008ef0000 	/System/Library/Frameworks/OpenGL.framework/Versions/A/Libraries/libGLImage.dylib
0x0000000008ef0000 	/System/Library/Frameworks/OpenGL.framework/Versions/A/Libraries/libCVMSPluginSupport.dylib
0x0000000008ef0000 	/System/Library/Frameworks/OpenGL.framework/Versions/A/Libraries/libCoreVMClient.dylib
0x0000000008ef0000 	/usr/lib/libcups.2.dylib
0x0000000008ef0000 	/System/Library/Frameworks/Kerberos.framework/Versions/A/Kerberos
0x0000000008ef0000 	/System/Library/Frameworks/GSS.framework/Versions/A/GSS
0x0000000008ef0000 	/usr/lib/libresolv.9.dylib
0x0000000008ef0000 	/usr/lib/libiconv.2.dylib
0x0000000008ef0000 	/System/Library/PrivateFrameworks/Heimdal.framework/Versions/A/Heimdal
0x0000000008ef0000 	/usr/lib/libheimdal-asn1.dylib
0x0000000008ef0000 	/System/Library/Frameworks/OpenDirectory.framework/Versions/A/OpenDirectory
0x0000000008ef0000 	/System/Library/PrivateFrameworks/CommonAuth.framework/Versions/A/CommonAuth
0x0000000008ef0000 	/System/Library/Frameworks/OpenDirectory.framework/Versions/A/Frameworks/CFOpenDirectory.framework/Versions/A/CFOpenDirectory
0x0000000008ef0000 	/System/Library/Frameworks/SecurityFoundation.framework/Versions/A/SecurityFoundation
0x0000000008ef0000 	/System/Library/PrivateFrameworks/LanguageModeling.framework/Versions/A/LanguageModeling
0x0000000008ef0000 	/usr/lib/libcmph.dylib
0x0000000008ef0000 	/System/Library/Frameworks/ServiceManagement.framework/Versions/A/ServiceManagement
0x0000000008ef0000 	/usr/lib/libxslt.1.dylib
0x0000000008ef0000 	/System/Library/Frameworks/Carbon.framework/Versions/A/Frameworks/Ink.framework/Versions/A/Ink
0x0000000008ef0000 	/System/Library/Frameworks/QuartzCore.framework/Versions/A/Frameworks/CoreImage.framework/Versions/A/CoreImage
0x0000000008ef0000 	/System/Library/PrivateFrameworks/CrashReporterSupport.framework/Versions/A/CrashReporterSupport
0x0000000008ef0000 	/System/Library/Frameworks/OpenCL.framework/Versions/A/OpenCL
0x0000000008ef0000 	/System/Library/PrivateFrameworks/FaceCore.framework/Versions/A/FaceCore
0x0000000008ef0000 	/System/Library/PrivateFrameworks/Ubiquity.framework/Versions/A/Ubiquity
0x0000000008ef0000 	/System/Library/PrivateFrameworks/IconServices.framework/Versions/A/IconServices
0x0000000008ef0000 	/System/Library/PrivateFrameworks/ChunkingLibrary.framework/Versions/A/ChunkingLibrary
0x0000000008ef0000 	/System/Library/PrivateFrameworks/Apple80211.framework/Versions/A/Apple80211
0x0000000008ef0000 	/System/Library/Frameworks/CoreWLAN.framework/Versions/A/CoreWLAN
0x0000000008ef0000 	/System/Library/Frameworks/IOBluetooth.framework/Versions/A/IOBluetooth
0x0000000008ef0000 	/System/Library/PrivateFrameworks/CoreWiFi.framework/Versions/A/CoreWiFi
0x0000000008ef0000 	/System/Library/Frameworks/CoreBluetooth.framework/Versions/A/CoreBluetooth
0x0000000008ef0000 	/System/Library/PrivateFrameworks/DebugSymbols.framework/Versions/A/DebugSymbols
0x0000000008ef0000 	/System/Library/PrivateFrameworks/CoreSymbolication.framework/Versions/A/CoreSymbolication
0x0000000008ef0000 	/System/Library/PrivateFrameworks/Symbolication.framework/Versions/A/Symbolication
0x0000000008ef0000 	/System/Library/PrivateFrameworks/SpeechRecognitionCore.framework/Versions/A/SpeechRecognitionCore
0x0000000106910000 	/Library/Java/JavaVirtualMachines/jdk1.8.0_60.jdk/Contents/Home/jre/lib/server/libjvm.dylib
0x0000000008ef0000 	/usr/lib/libstdc++.6.dylib
0x000000010799c000 	/Library/Java/JavaVirtualMachines/jdk1.8.0_60.jdk/Contents/Home/jre/lib/libverify.dylib
0x00000001079aa000 	/Library/Java/JavaVirtualMachines/jdk1.8.0_60.jdk/Contents/Home/jre/lib/libjava.dylib
0x0000000108200000 	/Library/Java/JavaVirtualMachines/jdk1.8.0_60.jdk/Contents/Home/jre/lib/libjdwp.dylib
0x00000001079f7000 	/Library/Java/JavaVirtualMachines/jdk1.8.0_60.jdk/Contents/Home/jre/lib/libnpt.dylib
0x0000000108253000 	/Library/Java/JavaVirtualMachines/jdk1.8.0_60.jdk/Contents/Home/jre/lib/libzip.dylib
0x000000011e2d3000 	/System/Library/Frameworks/JavaVM.framework/Frameworks/JavaRuntimeSupport.framework/JavaRuntimeSupport
0x000000011e2e9000 	/System/Library/Frameworks/JavaVM.framework/Versions/A/Frameworks/JavaNativeFoundation.framework/Versions/A/JavaNativeFoundation
0x000000011e2fd000 	/System/Library/Frameworks/JavaVM.framework/Versions/A/JavaVM
0x0000000008ef0000 	/System/Library/Frameworks/Carbon.framework/Versions/A/Carbon
0x000000011e309000 	/System/Library/PrivateFrameworks/JavaLaunching.framework/Versions/A/JavaLaunching
0x0000000008ef0000 	/System/Library/Frameworks/Carbon.framework/Versions/A/Frameworks/CommonPanels.framework/Versions/A/CommonPanels
0x0000000008ef0000 	/System/Library/Frameworks/Carbon.framework/Versions/A/Frameworks/Help.framework/Versions/A/Help
0x0000000008ef0000 	/System/Library/Frameworks/Carbon.framework/Versions/A/Frameworks/ImageCapture.framework/Versions/A/ImageCapture
0x0000000008ef0000 	/System/Library/Frameworks/Carbon.framework/Versions/A/Frameworks/OpenScripting.framework/Versions/A/OpenScripting
0x0000000008ef0000 	/System/Library/Frameworks/Carbon.framework/Versions/A/Frameworks/Print.framework/Versions/A/Print
0x0000000008ef0000 	/System/Library/Frameworks/Carbon.framework/Versions/A/Frameworks/SecurityHI.framework/Versions/A/SecurityHI
0x000000011fcf1000 	/Library/Java/JavaVirtualMachines/jdk1.8.0_60.jdk/Contents/Home/jre/lib/libdt_socket.dylib
0x0000000120aaf000 	/Library/Java/JavaVirtualMachines/jdk1.8.0_60.jdk/Contents/Home/jre/lib/libnet.dylib

VM Arguments:
jvm_args: -agentlib:jdwp=transport=dt_socket,address=127.0.0.1:58589,suspend=y,server=n -ea -Didea.junit.sm_runner -Dfile.encoding=UTF-8 
java_command: com.intellij.rt.execution.junit.JUnitStarter -ideVersion5 se.threegorillas.web.WorkItemServiceTest,getWorkItemByStatus
java_class_path (initial): /Applications/IntelliJ IDEA 15 CE.app/Contents/lib/idea_rt.jar:/Applications/IntelliJ IDEA 15 CE.app/Contents/plugins/junit/lib/junit-rt.jar:/Library/Java/JavaVirtualMachines/jdk1.8.0_60.jdk/Contents/Home/jre/lib/charsets.jar:/Library/Java/JavaVirtualMachines/jdk1.8.0_60.jdk/Contents/Home/jre/lib/deploy.jar:/Library/Java/JavaVirtualMachines/jdk1.8.0_60.jdk/Contents/Home/jre/lib/ext/cldrdata.jar:/Library/Java/JavaVirtualMachines/jdk1.8.0_60.jdk/Contents/Home/jre/lib/ext/dnsns.jar:/Library/Java/JavaVirtualMachines/jdk1.8.0_60.jdk/Contents/Home/jre/lib/ext/jaccess.jar:/Library/Java/JavaVirtualMachines/jdk1.8.0_60.jdk/Contents/Home/jre/lib/ext/jfxrt.jar:/Library/Java/JavaVirtualMachines/jdk1.8.0_60.jdk/Contents/Home/jre/lib/ext/localedata.jar:/Library/Java/JavaVirtualMachines/jdk1.8.0_60.jdk/Contents/Home/jre/lib/ext/nashorn.jar:/Library/Java/JavaVirtualMachines/jdk1.8.0_60.jdk/Contents/Home/jre/lib/ext/sunec.jar:/Library/Java/JavaVirtualMachines/jdk1.8.0_60.jdk/Contents/Home/jre/lib/ext/sunjce_provider.jar:/Library/Java/JavaVirtualMachines/jdk1.8.0_60.jdk/Contents/Home/jre/lib/ext/sunpkcs11.jar:/Library/Java/JavaVirtualMachines/jdk1.8.0_60.jdk/Contents/Home/jre/lib/ext/zipfs.jar:/Library/Java/JavaVirtualMachines/jdk1.8.0_60.jdk/Contents/Home/jre/lib/javaws.jar:/Library/Java/JavaVirtualMachines/jdk1.8.0_60.jdk/Contents/Home/jre/lib/jce.jar:/Library/Java/JavaVirtualMachines/jdk1.8.0_60.jdk/Contents/Home/jre/lib/jfr.jar:/Library/Java/JavaVirtualMachines/jdk1.8.0_60.jdk/Contents/Home/jre/lib/jfxswt.jar:/Library/Java/JavaVirtualMachines/jdk1.8.0_60.jdk/Contents/Home/jre/lib/jsse.jar:/Library/Java/JavaVirtualMachines/jdk1.8.0_60.jdk/Contents/Home/jre/lib/management-agent.jar:/Library/Java/JavaVirtualMachines/jdk1.8.0_60.jdk/Contents/Home/jre/lib/plugin.jar:/Library/Java/JavaVirtualMachines/jdk1.8.0_60.jdk/Contents/Home/jre/lib/resources.jar:/Library/Java/JavaVirtualMachines/jdk1.8.0_60.jdk/Contents/Home/jre/lib/rt.jar:/Library/Java/JavaVirtualMac
Launcher Type: SUN_STANDARD

Environment Variables:
PATH=/Users/joanne/bin:/usr/local/bin:/usr/local/bin:/usr/bin:/bin:/usr/sbin:/sbin:/usr/local/git/bin
SHELL=/bin/zsh

Signal Handlers:
SIGSEGV: [libjvm.dylib+0x5a6d31], sa_mask[0]=11111111011111110111111111111111, sa_flags=SA_ONSTACK|SA_RESTART|SA_SIGINFO
SIGBUS: [libjvm.dylib+0x5a6d31], sa_mask[0]=11111111011111110111111111111111, sa_flags=SA_RESTART|SA_SIGINFO
SIGFPE: [libjvm.dylib+0x480a4c], sa_mask[0]=11111111011111110111111111111111, sa_flags=SA_RESTART|SA_SIGINFO
SIGPIPE: [libjvm.dylib+0x480a4c], sa_mask[0]=11111111011111110111111111111111, sa_flags=SA_RESTART|SA_SIGINFO
SIGXFSZ: [libjvm.dylib+0x480a4c], sa_mask[0]=11111111011111110111111111111111, sa_flags=SA_RESTART|SA_SIGINFO
SIGILL: [libjvm.dylib+0x480a4c], sa_mask[0]=11111111011111110111111111111111, sa_flags=SA_RESTART|SA_SIGINFO
SIGUSR1: SIG_DFL, sa_mask[0]=00000000000000000000000000000000, sa_flags=none
SIGUSR2: [libjvm.dylib+0x48056a], sa_mask[0]=00100000000000000000000000000000, sa_flags=SA_RESTART|SA_SIGINFO
SIGHUP: [libjvm.dylib+0x47eb41], sa_mask[0]=11111111011111110111111111111111, sa_flags=SA_RESTART|SA_SIGINFO
SIGINT: [libjvm.dylib+0x47eb41], sa_mask[0]=11111111011111110111111111111111, sa_flags=SA_RESTART|SA_SIGINFO
SIGTERM: [libjvm.dylib+0x47eb41], sa_mask[0]=11111111011111110111111111111111, sa_flags=SA_RESTART|SA_SIGINFO
SIGQUIT: [libjvm.dylib+0x47eb41], sa_mask[0]=11111111011111110111111111111111, sa_flags=SA_RESTART|SA_SIGINFO


---------------  S Y S T E M  ---------------

OS:Bsduname:Darwin 14.5.0 Darwin Kernel Version 14.5.0: Tue Sep  1 21:23:09 PDT 2015; root:xnu-2782.50.1~1/RELEASE_X86_64 x86_64
rlimit: STACK 8192k, CORE 0k, NPROC 709, NOFILE 10240, AS infinity
load average:5.62 4.49 3.66

CPU:total 4 (2 cores per cpu, 2 threads per core) family 6 model 61 stepping 4, cmov, cx8, fxsr, mmx, sse, sse2, sse3, ssse3, sse4.1, sse4.2, popcnt, avx, avx2, aes, clmul, erms, 3dnowpref, lzcnt, ht, tsc, tscinvbit, bmi1, bmi2, adx

Memory: 4k page, physical 8388608k(123100k free)

/proc/meminfo:


vm_info: Java HotSpot(TM) 64-Bit Server VM (25.60-b23) for bsd-amd64 JRE (1.8.0_60-b27), built on Aug  4 2015 10:47:24 by "java_re" with gcc 4.2.1 (Based on Apple Inc. build 5658) (LLVM build 2336.11.00)

time: Sun Apr 10 20:46:07 2016
elapsed time: 417 seconds (0d 0h 6m 57s)

